<?xml version="1.0" encoding="UTF-8"?>
<testsuite name="com.masmovil.best_sellers.TestMainVerticle" tests="2" skipped="0" failures="0" errors="0" timestamp="2020-08-03T12:08:35" hostname="GFI12400" time="0.915">
  <properties/>
  <testcase name="verticle_deployed" classname="com.masmovil.best_sellers.TestMainVerticle" time="0.896"/>
  <testcase name="getTopTen_should_return_ok" classname="com.masmovil.best_sellers.TestMainVerticle" time="0.019"/>
  <system-out><![CDATA[]]></system-out>
  <system-err><![CDATA[ago. 03, 2020 2:08:36 P. M. com.masmovil.best_sellers.MainVerticle
INFO: HTTP server started on http://0.0.0.0:8080
ago. 03, 2020 2:08:36 P. M. com.masmovil.best_sellers.MainVerticle
INFO: HTTP server started on http://0.0.0.0:8080
]]></system-err>
</testsuite>
